<?xml version="1.0" encoding="UTF-8"?>
<Site BuildName="(empty)"
	BuildStamp="20211005-0945-Experimental"
	Name="(empty)"
	Generator="ctest-3.21.3"
	CompilerName=""
	CompilerVersion=""
	OSName="Windows"
	Hostname="[NON-UTF-8-BYTE-0xCC][NON-UTF-8-BYTE-0xFD][NON-UTF-8-BYTE-0xD3][NON-UTF-8-BYTE-0xEA][NON-UTF-8-BYTE-0xA4][NON-UTF-8-BYTE-0xCE][NON-UTF-8-BYTE-0xD2]ƶ[NON-UTF-8-BYTE-0xAF][NON-UTF-8-BYTE-0xB9][NON-UTF-8-BYTE-0xA4][NON-UTF-8-BYTE-0xD7][NON-UTF-8-BYTE-0xF7]վ"
	OSRelease=" Personal"
	OSVersion=" (Build 19042)"
	OSPlatform="AMD64"
	Is64Bits="1"
	VendorString="AuthenticAMD"
	VendorID="Advanced Micro Devices"
	FamilyID="15"
	ModelID="0"
	ProcessorCacheSize="64"
	NumberOfLogicalCPU="16"
	NumberOfPhysicalCPU="8"
	TotalVirtualMemory="19180"
	TotalPhysicalMemory="16236"
	LogicalProcessorsPerPhysical="2"
	ProcessorClockFrequency="3194"
	>
	<Testing>
		<StartDateTime>Oct 05 17:45 ?D1[NON-UTF-8-BYTE-0xA8][NON-UTF-8-BYTE-0xB2][NON-UTF-8-BYTE-0xA1][NON-UTF-8-BYTE-0xC0][NON-UTF-8-BYTE-0xA8][NON-UTF-8-BYTE-0xBA][NON-UTF-8-BYTE-0xA1][NON-UTF-8-BYTE-0xC1]?[NON-UTF-8-BYTE-0xA8][NON-UTF-8-BYTE-0xBA][NON-UTF-8-BYTE-0xA1][NON-UTF-8-BYTE-0xC0]??</StartDateTime>
		<StartTestTime>1633427119</StartTestTime>
		<TestList/>
		<EndDateTime>Oct 05 17:45 ?D1[NON-UTF-8-BYTE-0xA8][NON-UTF-8-BYTE-0xB2][NON-UTF-8-BYTE-0xA1][NON-UTF-8-BYTE-0xC0][NON-UTF-8-BYTE-0xA8][NON-UTF-8-BYTE-0xBA][NON-UTF-8-BYTE-0xA1][NON-UTF-8-BYTE-0xC1]?[NON-UTF-8-BYTE-0xA8][NON-UTF-8-BYTE-0xBA][NON-UTF-8-BYTE-0xA1][NON-UTF-8-BYTE-0xC0]??</EndDateTime>
		<EndTestTime>1633427119</EndTestTime>
		<ElapsedMinutes>0</ElapsedMinutes>
	</Testing>
</Site>
